INFO     [2020-10-26 18:28:46,782] Создан массив и заполнен числами символов строки
DEBUG    [2020-10-26 18:28:46,783] Прошла проверка на русский заглавный алфавит
DEBUG    [2020-10-26 18:28:46,784] Прошла проверка на русский строчной алфавит
DEBUG    [2020-10-26 18:28:46,784] Прошла проверка на русский строчной алфавит
DEBUG    [2020-10-26 18:28:46,784] Прошла проверка на русский строчной алфавит
DEBUG    [2020-10-26 18:28:46,784] Прошла проверка на русский строчной алфавит
DEBUG    [2020-10-26 18:28:46,784] Прошла проверка на русский строчной алфавит
DEBUG    [2020-10-26 18:28:46,784] Прошла проверка на русский строчной алфавит
DEBUG    [2020-10-26 18:28:46,784] Прошла проверка на русский строчной алфавит
DEBUG    [2020-10-26 18:28:46,784] Прошла проверка на русский строчной алфавит
DEBUG    [2020-10-26 18:28:46,785] Прошла проверка на русский строчной алфавит
INFO     [2020-10-26 18:28:46,785] Создан и заполнен массив числами символа+шаг
INFO     [2020-10-26 18:28:46,785] Создана и заполнена строка с закодированным текстом
INFO     [2020-10-26 18:28:46,785] Создан массив и заполнен числами символов строки
DEBUG    [2020-10-26 18:28:46,785] Прошла проверка на русский заглавный алфавит
DEBUG    [2020-10-26 18:28:46,785] Прошла проверка на русский заглавный алфавит
DEBUG    [2020-10-26 18:28:46,785] Прошла проверка на русский заглавный алфавит
DEBUG    [2020-10-26 18:28:46,785] Прошла проверка на русский заглавный алфавит
DEBUG    [2020-10-26 18:28:46,785] Прошла проверка на русский заглавный алфавит
DEBUG    [2020-10-26 18:28:46,785] Прошла проверка на русский заглавный алфавит
DEBUG    [2020-10-26 18:28:46,785] Прошла проверка на русский заглавный алфавит
DEBUG    [2020-10-26 18:28:46,786] Прошла проверка на русский заглавный алфавит
INFO     [2020-10-26 18:28:46,786] Создан и заполнен массив числами символа+шаг
INFO     [2020-10-26 18:28:46,786] Создана и заполнена строка с закодированным текстом
INFO     [2020-10-26 18:28:46,786] Создан массив и заполнен числами символов строки
DEBUG    [2020-10-26 18:28:46,786] Прошла проверка на русский заглавный алфавит
DEBUG    [2020-10-26 18:28:46,786] Прошла проверка на русский строчной алфавит
DEBUG    [2020-10-26 18:28:46,786] Прошла проверка на русский строчной алфавит
DEBUG    [2020-10-26 18:28:46,786] Прошла проверка на русский строчной алфавит
DEBUG    [2020-10-26 18:28:46,786] Прошла проверка на русский строчной алфавит
DEBUG    [2020-10-26 18:28:46,786] Прошла проверка на русский строчной алфавит
DEBUG    [2020-10-26 18:28:46,786] Прошла проверка на русский строчной алфавит
DEBUG    [2020-10-26 18:28:46,787] Прошла проверка на русский строчной алфавит
DEBUG    [2020-10-26 18:28:46,787] Прошла проверка на русский строчной алфавит
DEBUG    [2020-10-26 18:28:46,787] Прошла проверка на русский строчной алфавит
DEBUG    [2020-10-26 18:28:46,787] Прошла проверка на русский строчной алфавит
DEBUG    [2020-10-26 18:28:46,787] Прошла проверка на русский строчной алфавит
DEBUG    [2020-10-26 18:28:46,787] Прошла проверка на русский строчной алфавит
DEBUG    [2020-10-26 18:28:46,787] Прошла проверка на русский строчной алфавит
DEBUG    [2020-10-26 18:28:46,787] Прошла проверка на русский строчной алфавит
DEBUG    [2020-10-26 18:28:46,787] Прошла проверка на русский строчной алфавит
DEBUG    [2020-10-26 18:28:46,787] Прошла проверка на русский строчной алфавит
DEBUG    [2020-10-26 18:28:46,787] Прошла проверка на русский строчной алфавит
DEBUG    [2020-10-26 18:28:46,788] Прошла проверка на русский строчной алфавит
DEBUG    [2020-10-26 18:28:46,788] Прошла проверка на русский строчной алфавит
DEBUG    [2020-10-26 18:28:46,788] Прошла проверка на русский строчной алфавит
DEBUG    [2020-10-26 18:28:46,788] Прошла проверка на русский строчной алфавит
DEBUG    [2020-10-26 18:28:46,788] Прошла проверка на русский строчной алфавит
DEBUG    [2020-10-26 18:28:46,788] Прошла проверка на русский строчной алфавит
DEBUG    [2020-10-26 18:28:46,788] Прошла проверка на русский строчной алфавит
DEBUG    [2020-10-26 18:28:46,788] Прошла проверка на русский строчной алфавит
DEBUG    [2020-10-26 18:28:46,788] Прошла проверка на русский строчной алфавит
DEBUG    [2020-10-26 18:28:46,788] Прошла проверка на русский строчной алфавит
DEBUG    [2020-10-26 18:28:46,788] Прошла проверка на русский строчной алфавит
DEBUG    [2020-10-26 18:28:46,788] Прошла проверка на русский строчной алфавит
DEBUG    [2020-10-26 18:28:46,789] Прошла проверка на русский строчной алфавит
DEBUG    [2020-10-26 18:28:46,789] Прошла проверка на русский строчной алфавит
DEBUG    [2020-10-26 18:28:46,789] Прошла проверка на русский строчной алфавит
DEBUG    [2020-10-26 18:28:46,789] Прошла проверка на русский строчной алфавит
DEBUG    [2020-10-26 18:28:46,789] Прошла проверка на русский строчной алфавит
DEBUG    [2020-10-26 18:28:46,789] Прошла проверка на русский строчной алфавит
DEBUG    [2020-10-26 18:28:46,789] Прошла проверка на русский строчной алфавит
DEBUG    [2020-10-26 18:28:46,789] Прошла проверка на русский строчной алфавит
DEBUG    [2020-10-26 18:28:46,789] Прошла проверка на русский строчной алфавит
DEBUG    [2020-10-26 18:28:46,789] Прошла проверка на русский строчной алфавит
DEBUG    [2020-10-26 18:28:46,789] Прошла проверка на русский строчной алфавит
DEBUG    [2020-10-26 18:28:46,789] Прошла проверка на русский строчной алфавит
DEBUG    [2020-10-26 18:28:46,790] Прошла проверка на русский строчной алфавит
DEBUG    [2020-10-26 18:28:46,790] Прошла проверка на русский строчной алфавит
DEBUG    [2020-10-26 18:28:46,790] Прошла проверка на русский строчной алфавит
DEBUG    [2020-10-26 18:28:46,790] Прошла проверка на русский строчной алфавит
DEBUG    [2020-10-26 18:28:46,790] Прошла проверка на русский строчной алфавит
DEBUG    [2020-10-26 18:28:46,790] Прошла проверка на русский строчной алфавит
DEBUG    [2020-10-26 18:28:46,790] Прошла проверка на русский строчной алфавит
DEBUG    [2020-10-26 18:28:46,790] Прошла проверка на русский строчной алфавит
DEBUG    [2020-10-26 18:28:46,790] Прошла проверка на русский строчной алфавит
DEBUG    [2020-10-26 18:28:46,790] Прошла проверка на русский строчной алфавит
DEBUG    [2020-10-26 18:28:46,790] Прошла проверка на русский строчной алфавит
DEBUG    [2020-10-26 18:28:46,791] Прошла проверка на русский строчной алфавит
DEBUG    [2020-10-26 18:28:46,791] Прошла проверка на русский строчной алфавит
DEBUG    [2020-10-26 18:28:46,791] Прошла проверка на русский строчной алфавит
DEBUG    [2020-10-26 18:28:46,791] Прошла проверка на русский строчной алфавит
DEBUG    [2020-10-26 18:28:46,791] Прошла проверка на русский строчной алфавит
DEBUG    [2020-10-26 18:28:46,791] Прошла проверка на русский строчной алфавит
DEBUG    [2020-10-26 18:28:46,791] Прошла проверка на русский строчной алфавит
DEBUG    [2020-10-26 18:28:46,791] Прошла проверка на русский строчной алфавит
DEBUG    [2020-10-26 18:28:46,792] Прошла проверка на русский строчной алфавит
DEBUG    [2020-10-26 18:28:46,792] Прошла проверка на русский строчной алфавит
DEBUG    [2020-10-26 18:28:46,792] Прошла проверка на русский строчной алфавит
INFO     [2020-10-26 18:28:46,792] Создан и заполнен массив числами символа+шаг
INFO     [2020-10-26 18:28:46,792] Создана и заполнена строка с закодированным текстом
INFO     [2020-10-26 18:28:46,792] Создан массив и заполнен числами символов строки
DEBUG    [2020-10-26 18:28:46,792] Прошла проверка на русский заглавный алфавит
DEBUG    [2020-10-26 18:28:46,792] Прошла проверка на русский строчной алфавит
DEBUG    [2020-10-26 18:28:46,792] Прошла проверка на русский строчной алфавит
DEBUG    [2020-10-26 18:28:46,792] Прошла проверка на русский строчной алфавит
DEBUG    [2020-10-26 18:28:46,792] Прошла проверка на русский строчной алфавит
DEBUG    [2020-10-26 18:28:46,793] Прошла проверка на русский строчной алфавит
DEBUG    [2020-10-26 18:28:46,793] Прошла проверка на русский строчной алфавит
DEBUG    [2020-10-26 18:28:46,793] Прошла проверка на русский строчной алфавит
DEBUG    [2020-10-26 18:28:46,793] Прошла проверка на русский строчной алфавит
DEBUG    [2020-10-26 18:28:46,793] Прошла проверка на русский заглавный алфавит
DEBUG    [2020-10-26 18:28:46,793] Прошла проверка на русский строчной алфавит
DEBUG    [2020-10-26 18:28:46,793] Прошла проверка на русский строчной алфавит
DEBUG    [2020-10-26 18:28:46,793] Прошла проверка на русский строчной алфавит
DEBUG    [2020-10-26 18:28:46,793] Прошла проверка на русский заглавный алфавит
DEBUG    [2020-10-26 18:28:46,793] Прошла проверка на русский строчной алфавит
DEBUG    [2020-10-26 18:28:46,793] Прошла проверка на русский строчной алфавит
DEBUG    [2020-10-26 18:28:46,793] Прошла проверка на русский строчной алфавит
DEBUG    [2020-10-26 18:28:46,794] Прошла проверка на русский строчной алфавит
DEBUG    [2020-10-26 18:28:46,794] Прошла проверка на русский строчной алфавит
DEBUG    [2020-10-26 18:28:46,794] Прошла проверка на русский строчной алфавит
DEBUG    [2020-10-26 18:28:46,794] Прошла проверка на русский строчной алфавит
DEBUG    [2020-10-26 18:28:46,794] Прошла проверка на русский строчной алфавит
DEBUG    [2020-10-26 18:28:46,794] Прошла проверка на русский строчной алфавит
DEBUG    [2020-10-26 18:28:46,794] Прошла проверка на русский строчной алфавит
DEBUG    [2020-10-26 18:28:46,794] Прошла проверка на русский строчной алфавит
DEBUG    [2020-10-26 18:28:46,794] Прошла проверка на русский строчной алфавит
DEBUG    [2020-10-26 18:28:46,794] Прошла проверка на русский строчной алфавит
DEBUG    [2020-10-26 18:28:46,794] Прошла проверка на русский строчной алфавит
DEBUG    [2020-10-26 18:28:46,794] Прошла проверка на русский строчной алфавит
DEBUG    [2020-10-26 18:28:46,795] Прошла проверка на русский строчной алфавит
DEBUG    [2020-10-26 18:28:46,795] Прошла проверка на русский строчной алфавит
DEBUG    [2020-10-26 18:28:46,795] Прошла проверка на русский строчной алфавит
DEBUG    [2020-10-26 18:28:46,795] Прошла проверка на русский строчной алфавит
DEBUG    [2020-10-26 18:28:46,795] Прошла проверка на русский строчной алфавит
DEBUG    [2020-10-26 18:28:46,795] Прошла проверка на русский строчной алфавит
DEBUG    [2020-10-26 18:28:46,795] Прошла проверка на русский строчной алфавит
DEBUG    [2020-10-26 18:28:46,795] Прошла проверка на русский строчной алфавит
DEBUG    [2020-10-26 18:28:46,795] Прошла проверка на русский строчной алфавит
DEBUG    [2020-10-26 18:28:46,795] Прошла проверка на русский строчной алфавит
DEBUG    [2020-10-26 18:28:46,796] Прошла проверка на русский строчной алфавит
DEBUG    [2020-10-26 18:28:46,796] Прошла проверка на русский строчной алфавит
DEBUG    [2020-10-26 18:28:46,796] Прошла проверка на русский строчной алфавит
DEBUG    [2020-10-26 18:28:46,796] Прошла проверка на русский строчной алфавит
DEBUG    [2020-10-26 18:28:46,796] Прошла проверка на русский строчной алфавит
DEBUG    [2020-10-26 18:28:46,796] Прошла проверка на русский строчной алфавит
DEBUG    [2020-10-26 18:28:46,796] Прошла проверка на русский строчной алфавит
DEBUG    [2020-10-26 18:28:46,796] Прошла проверка на русский строчной алфавит
DEBUG    [2020-10-26 18:28:46,796] Прошла проверка на русский строчной алфавит
DEBUG    [2020-10-26 18:28:46,796] Прошла проверка на русский строчной алфавит
DEBUG    [2020-10-26 18:28:46,796] Прошла проверка на русский строчной алфавит
DEBUG    [2020-10-26 18:28:46,796] Прошла проверка на русский строчной алфавит
DEBUG    [2020-10-26 18:28:46,797] Прошла проверка на русский строчной алфавит
DEBUG    [2020-10-26 18:28:46,797] Прошла проверка на русский строчной алфавит
DEBUG    [2020-10-26 18:28:46,797] Прошла проверка на русский строчной алфавит
DEBUG    [2020-10-26 18:28:46,797] Прошла проверка на русский строчной алфавит
INFO     [2020-10-26 18:28:46,797] Создан и заполнен массив числами символа+шаг
INFO     [2020-10-26 18:28:46,797] Создана и заполнена строка с закодированным текстом
INFO     [2020-10-26 18:28:46,798] Программа выполнена успешно
ERROR    [2020-10-26 18:28:57,201] Введенный шаг не является числом
ERROR    [2020-10-26 18:28:59,019] Введенный шаг не является числом
INFO     [2020-10-26 18:28:59,785] Создан массив и заполнен числами символов строки
DEBUG    [2020-10-26 18:28:59,785] Прошла проверка на русский заглавный алфавит
DEBUG    [2020-10-26 18:28:59,786] Прошла проверка на русский строчной алфавит
DEBUG    [2020-10-26 18:28:59,786] Прошла проверка на русский строчной алфавит
DEBUG    [2020-10-26 18:28:59,787] Прошла проверка на русский строчной алфавит
DEBUG    [2020-10-26 18:28:59,787] Прошла проверка на русский строчной алфавит
DEBUG    [2020-10-26 18:28:59,787] Прошла проверка на русский строчной алфавит
DEBUG    [2020-10-26 18:28:59,787] Прошла проверка на русский строчной алфавит
DEBUG    [2020-10-26 18:28:59,787] Прошла проверка на русский строчной алфавит
DEBUG    [2020-10-26 18:28:59,787] Прошла проверка на русский строчной алфавит
DEBUG    [2020-10-26 18:28:59,787] Прошла проверка на русский строчной алфавит
INFO     [2020-10-26 18:28:59,788] Создан и заполнен массив числами символа+шаг
INFO     [2020-10-26 18:28:59,788] Создана и заполнена строка с закодированным текстом
INFO     [2020-10-26 18:28:59,788] Создан массив и заполнен числами символов строки
DEBUG    [2020-10-26 18:28:59,788] Прошла проверка на русский заглавный алфавит
DEBUG    [2020-10-26 18:28:59,788] Прошла проверка на русский заглавный алфавит
DEBUG    [2020-10-26 18:28:59,788] Прошла проверка на русский заглавный алфавит
DEBUG    [2020-10-26 18:28:59,788] Прошла проверка на русский заглавный алфавит
DEBUG    [2020-10-26 18:28:59,788] Прошла проверка на русский заглавный алфавит
DEBUG    [2020-10-26 18:28:59,788] Прошла проверка на русский заглавный алфавит
DEBUG    [2020-10-26 18:28:59,788] Прошла проверка на русский заглавный алфавит
DEBUG    [2020-10-26 18:28:59,789] Прошла проверка на русский заглавный алфавит
INFO     [2020-10-26 18:28:59,789] Создан и заполнен массив числами символа+шаг
INFO     [2020-10-26 18:28:59,789] Создана и заполнена строка с закодированным текстом
INFO     [2020-10-26 18:28:59,789] Создан массив и заполнен числами символов строки
DEBUG    [2020-10-26 18:28:59,789] Прошла проверка на русский заглавный алфавит
DEBUG    [2020-10-26 18:28:59,789] Прошла проверка на русский строчной алфавит
DEBUG    [2020-10-26 18:28:59,789] Прошла проверка на русский строчной алфавит
DEBUG    [2020-10-26 18:28:59,789] Прошла проверка на русский строчной алфавит
DEBUG    [2020-10-26 18:28:59,789] Прошла проверка на русский строчной алфавит
DEBUG    [2020-10-26 18:28:59,789] Прошла проверка на русский строчной алфавит
DEBUG    [2020-10-26 18:28:59,790] Прошла проверка на русский строчной алфавит
DEBUG    [2020-10-26 18:28:59,790] Прошла проверка на русский строчной алфавит
DEBUG    [2020-10-26 18:28:59,790] Прошла проверка на русский строчной алфавит
DEBUG    [2020-10-26 18:28:59,790] Прошла проверка на русский строчной алфавит
DEBUG    [2020-10-26 18:28:59,790] Прошла проверка на русский строчной алфавит
DEBUG    [2020-10-26 18:28:59,790] Прошла проверка на русский строчной алфавит
DEBUG    [2020-10-26 18:28:59,790] Прошла проверка на русский строчной алфавит
DEBUG    [2020-10-26 18:28:59,790] Прошла проверка на русский строчной алфавит
DEBUG    [2020-10-26 18:28:59,790] Прошла проверка на русский строчной алфавит
DEBUG    [2020-10-26 18:28:59,790] Прошла проверка на русский строчной алфавит
DEBUG    [2020-10-26 18:28:59,791] Прошла проверка на русский строчной алфавит
DEBUG    [2020-10-26 18:28:59,791] Прошла проверка на русский строчной алфавит
DEBUG    [2020-10-26 18:28:59,791] Прошла проверка на русский строчной алфавит
DEBUG    [2020-10-26 18:28:59,791] Прошла проверка на русский строчной алфавит
DEBUG    [2020-10-26 18:28:59,791] Прошла проверка на русский строчной алфавит
DEBUG    [2020-10-26 18:28:59,791] Прошла проверка на русский строчной алфавит
DEBUG    [2020-10-26 18:28:59,791] Прошла проверка на русский строчной алфавит
DEBUG    [2020-10-26 18:28:59,791] Прошла проверка на русский строчной алфавит
DEBUG    [2020-10-26 18:28:59,791] Прошла проверка на русский строчной алфавит
DEBUG    [2020-10-26 18:28:59,791] Прошла проверка на русский строчной алфавит
DEBUG    [2020-10-26 18:28:59,792] Прошла проверка на русский строчной алфавит
DEBUG    [2020-10-26 18:28:59,792] Прошла проверка на русский строчной алфавит
DEBUG    [2020-10-26 18:28:59,792] Прошла проверка на русский строчной алфавит
DEBUG    [2020-10-26 18:28:59,792] Прошла проверка на русский строчной алфавит
DEBUG    [2020-10-26 18:28:59,792] Прошла проверка на русский строчной алфавит
DEBUG    [2020-10-26 18:28:59,792] Прошла проверка на русский строчной алфавит
DEBUG    [2020-10-26 18:28:59,792] Прошла проверка на русский строчной алфавит
DEBUG    [2020-10-26 18:28:59,792] Прошла проверка на русский строчной алфавит
DEBUG    [2020-10-26 18:28:59,793] Прошла проверка на русский строчной алфавит
DEBUG    [2020-10-26 18:28:59,793] Прошла проверка на русский строчной алфавит
DEBUG    [2020-10-26 18:28:59,793] Прошла проверка на русский строчной алфавит
DEBUG    [2020-10-26 18:28:59,793] Прошла проверка на русский строчной алфавит
DEBUG    [2020-10-26 18:28:59,793] Прошла проверка на русский строчной алфавит
DEBUG    [2020-10-26 18:28:59,793] Прошла проверка на русский строчной алфавит
DEBUG    [2020-10-26 18:28:59,793] Прошла проверка на русский строчной алфавит
DEBUG    [2020-10-26 18:28:59,793] Прошла проверка на русский строчной алфавит
DEBUG    [2020-10-26 18:28:59,793] Прошла проверка на русский строчной алфавит
DEBUG    [2020-10-26 18:28:59,793] Прошла проверка на русский строчной алфавит
DEBUG    [2020-10-26 18:28:59,793] Прошла проверка на русский строчной алфавит
DEBUG    [2020-10-26 18:28:59,794] Прошла проверка на русский строчной алфавит
DEBUG    [2020-10-26 18:28:59,794] Прошла проверка на русский строчной алфавит
DEBUG    [2020-10-26 18:28:59,794] Прошла проверка на русский строчной алфавит
DEBUG    [2020-10-26 18:28:59,794] Прошла проверка на русский строчной алфавит
DEBUG    [2020-10-26 18:28:59,794] Прошла проверка на русский строчной алфавит
DEBUG    [2020-10-26 18:28:59,794] Прошла проверка на русский строчной алфавит
DEBUG    [2020-10-26 18:28:59,794] Прошла проверка на русский строчной алфавит
DEBUG    [2020-10-26 18:28:59,794] Прошла проверка на русский строчной алфавит
DEBUG    [2020-10-26 18:28:59,794] Прошла проверка на русский строчной алфавит
DEBUG    [2020-10-26 18:28:59,794] Прошла проверка на русский строчной алфавит
DEBUG    [2020-10-26 18:28:59,794] Прошла проверка на русский строчной алфавит
DEBUG    [2020-10-26 18:28:59,794] Прошла проверка на русский строчной алфавит
DEBUG    [2020-10-26 18:28:59,795] Прошла проверка на русский строчной алфавит
DEBUG    [2020-10-26 18:28:59,795] Прошла проверка на русский строчной алфавит
DEBUG    [2020-10-26 18:28:59,795] Прошла проверка на русский строчной алфавит
DEBUG    [2020-10-26 18:28:59,795] Прошла проверка на русский строчной алфавит
DEBUG    [2020-10-26 18:28:59,795] Прошла проверка на русский строчной алфавит
DEBUG    [2020-10-26 18:28:59,795] Прошла проверка на русский строчной алфавит
DEBUG    [2020-10-26 18:28:59,795] Прошла проверка на русский строчной алфавит
INFO     [2020-10-26 18:28:59,795] Создан и заполнен массив числами символа+шаг
INFO     [2020-10-26 18:28:59,795] Создана и заполнена строка с закодированным текстом
INFO     [2020-10-26 18:28:59,795] Создан массив и заполнен числами символов строки
DEBUG    [2020-10-26 18:28:59,796] Прошла проверка на русский заглавный алфавит
DEBUG    [2020-10-26 18:28:59,796] Прошла проверка на русский строчной алфавит
DEBUG    [2020-10-26 18:28:59,796] Прошла проверка на русский строчной алфавит
DEBUG    [2020-10-26 18:28:59,796] Прошла проверка на русский строчной алфавит
DEBUG    [2020-10-26 18:28:59,796] Прошла проверка на русский строчной алфавит
DEBUG    [2020-10-26 18:28:59,796] Прошла проверка на русский строчной алфавит
DEBUG    [2020-10-26 18:28:59,796] Прошла проверка на русский строчной алфавит
DEBUG    [2020-10-26 18:28:59,796] Прошла проверка на русский строчной алфавит
DEBUG    [2020-10-26 18:28:59,796] Прошла проверка на русский строчной алфавит
DEBUG    [2020-10-26 18:28:59,796] Прошла проверка на русский заглавный алфавит
DEBUG    [2020-10-26 18:28:59,796] Прошла проверка на русский строчной алфавит
DEBUG    [2020-10-26 18:28:59,796] Прошла проверка на русский строчной алфавит
DEBUG    [2020-10-26 18:28:59,796] Прошла проверка на русский строчной алфавит
DEBUG    [2020-10-26 18:28:59,797] Прошла проверка на русский заглавный алфавит
DEBUG    [2020-10-26 18:28:59,797] Прошла проверка на русский строчной алфавит
DEBUG    [2020-10-26 18:28:59,797] Прошла проверка на русский строчной алфавит
DEBUG    [2020-10-26 18:28:59,797] Прошла проверка на русский строчной алфавит
DEBUG    [2020-10-26 18:28:59,797] Прошла проверка на русский строчной алфавит
DEBUG    [2020-10-26 18:28:59,797] Прошла проверка на русский строчной алфавит
DEBUG    [2020-10-26 18:28:59,797] Прошла проверка на русский строчной алфавит
DEBUG    [2020-10-26 18:28:59,797] Прошла проверка на русский строчной алфавит
DEBUG    [2020-10-26 18:28:59,797] Прошла проверка на русский строчной алфавит
DEBUG    [2020-10-26 18:28:59,797] Прошла проверка на русский строчной алфавит
DEBUG    [2020-10-26 18:28:59,797] Прошла проверка на русский строчной алфавит
DEBUG    [2020-10-26 18:28:59,797] Прошла проверка на русский строчной алфавит
DEBUG    [2020-10-26 18:28:59,798] Прошла проверка на русский строчной алфавит
DEBUG    [2020-10-26 18:28:59,798] Прошла проверка на русский строчной алфавит
DEBUG    [2020-10-26 18:28:59,798] Прошла проверка на русский строчной алфавит
DEBUG    [2020-10-26 18:28:59,798] Прошла проверка на русский строчной алфавит
DEBUG    [2020-10-26 18:28:59,798] Прошла проверка на русский строчной алфавит
DEBUG    [2020-10-26 18:28:59,798] Прошла проверка на русский строчной алфавит
DEBUG    [2020-10-26 18:28:59,798] Прошла проверка на русский строчной алфавит
DEBUG    [2020-10-26 18:28:59,798] Прошла проверка на русский строчной алфавит
DEBUG    [2020-10-26 18:28:59,798] Прошла проверка на русский строчной алфавит
DEBUG    [2020-10-26 18:28:59,798] Прошла проверка на русский строчной алфавит
DEBUG    [2020-10-26 18:28:59,798] Прошла проверка на русский строчной алфавит
DEBUG    [2020-10-26 18:28:59,798] Прошла проверка на русский строчной алфавит
DEBUG    [2020-10-26 18:28:59,798] Прошла проверка на русский строчной алфавит
DEBUG    [2020-10-26 18:28:59,799] Прошла проверка на русский строчной алфавит
DEBUG    [2020-10-26 18:28:59,799] Прошла проверка на русский строчной алфавит
DEBUG    [2020-10-26 18:28:59,799] Прошла проверка на русский строчной алфавит
DEBUG    [2020-10-26 18:28:59,799] Прошла проверка на русский строчной алфавит
DEBUG    [2020-10-26 18:28:59,799] Прошла проверка на русский строчной алфавит
DEBUG    [2020-10-26 18:28:59,799] Прошла проверка на русский строчной алфавит
DEBUG    [2020-10-26 18:28:59,799] Прошла проверка на русский строчной алфавит
DEBUG    [2020-10-26 18:28:59,799] Прошла проверка на русский строчной алфавит
DEBUG    [2020-10-26 18:28:59,799] Прошла проверка на русский строчной алфавит
DEBUG    [2020-10-26 18:28:59,799] Прошла проверка на русский строчной алфавит
DEBUG    [2020-10-26 18:28:59,799] Прошла проверка на русский строчной алфавит
DEBUG    [2020-10-26 18:28:59,799] Прошла проверка на русский строчной алфавит
DEBUG    [2020-10-26 18:28:59,799] Прошла проверка на русский строчной алфавит
DEBUG    [2020-10-26 18:28:59,799] Прошла проверка на русский строчной алфавит
DEBUG    [2020-10-26 18:28:59,800] Прошла проверка на русский строчной алфавит
DEBUG    [2020-10-26 18:28:59,800] Прошла проверка на русский строчной алфавит
DEBUG    [2020-10-26 18:28:59,800] Прошла проверка на русский строчной алфавит
INFO     [2020-10-26 18:28:59,800] Создан и заполнен массив числами символа+шаг
INFO     [2020-10-26 18:28:59,800] Создана и заполнена строка с закодированным текстом
INFO     [2020-10-26 18:28:59,800] Программа выполнена успешно
INFO     [2020-10-26 18:29:04,302] Создан массив и заполнен числами символов строки
DEBUG    [2020-10-26 18:29:04,303] Прошла проверка на русский заглавный алфавит
DEBUG    [2020-10-26 18:29:04,303] Прошла проверка на русский строчной алфавит
DEBUG    [2020-10-26 18:29:04,303] Прошла проверка на русский строчной алфавит
DEBUG    [2020-10-26 18:29:04,303] Прошла проверка на русский строчной алфавит
DEBUG    [2020-10-26 18:29:04,303] Прошла проверка на русский строчной алфавит
DEBUG    [2020-10-26 18:29:04,303] Прошла проверка на русский строчной алфавит
DEBUG    [2020-10-26 18:29:04,303] Прошла проверка на русский строчной алфавит
DEBUG    [2020-10-26 18:29:04,304] Прошла проверка на русский строчной алфавит
DEBUG    [2020-10-26 18:29:04,304] Прошла проверка на русский строчной алфавит
DEBUG    [2020-10-26 18:29:04,304] Прошла проверка на русский строчной алфавит
INFO     [2020-10-26 18:29:04,304] Создан и заполнен массив числами символа+шаг
INFO     [2020-10-26 18:29:04,304] Создана и заполнена строка с закодированным текстом
INFO     [2020-10-26 18:29:04,304] Создан массив и заполнен числами символов строки
DEBUG    [2020-10-26 18:29:04,304] Прошла проверка на русский заглавный алфавит
DEBUG    [2020-10-26 18:29:04,305] Прошла проверка на русский заглавный алфавит
DEBUG    [2020-10-26 18:29:04,305] Прошла проверка на русский заглавный алфавит
DEBUG    [2020-10-26 18:29:04,305] Прошла проверка на русский заглавный алфавит
DEBUG    [2020-10-26 18:29:04,306] Прошла проверка на русский заглавный алфавит
DEBUG    [2020-10-26 18:29:04,306] Прошла проверка на русский заглавный алфавит
DEBUG    [2020-10-26 18:29:04,306] Прошла проверка на русский заглавный алфавит
DEBUG    [2020-10-26 18:29:04,306] Прошла проверка на русский заглавный алфавит
INFO     [2020-10-26 18:29:04,306] Создан и заполнен массив числами символа+шаг
INFO     [2020-10-26 18:29:04,306] Создана и заполнена строка с закодированным текстом
INFO     [2020-10-26 18:29:04,306] Создан массив и заполнен числами символов строки
DEBUG    [2020-10-26 18:29:04,306] Прошла проверка на русский заглавный алфавит
DEBUG    [2020-10-26 18:29:04,306] Прошла проверка на русский строчной алфавит
DEBUG    [2020-10-26 18:29:04,307] Прошла проверка на русский строчной алфавит
DEBUG    [2020-10-26 18:29:04,307] Прошла проверка на русский строчной алфавит
DEBUG    [2020-10-26 18:29:04,307] Прошла проверка на русский строчной алфавит
DEBUG    [2020-10-26 18:29:04,307] Прошла проверка на русский строчной алфавит
DEBUG    [2020-10-26 18:29:04,307] Прошла проверка на русский строчной алфавит
DEBUG    [2020-10-26 18:29:04,307] Прошла проверка на русский строчной алфавит
DEBUG    [2020-10-26 18:29:04,307] Прошла проверка на русский строчной алфавит
DEBUG    [2020-10-26 18:29:04,307] Прошла проверка на русский строчной алфавит
DEBUG    [2020-10-26 18:29:04,307] Прошла проверка на русский строчной алфавит
DEBUG    [2020-10-26 18:29:04,307] Прошла проверка на русский строчной алфавит
DEBUG    [2020-10-26 18:29:04,308] Прошла проверка на русский строчной алфавит
DEBUG    [2020-10-26 18:29:04,308] Прошла проверка на русский строчной алфавит
DEBUG    [2020-10-26 18:29:04,308] Прошла проверка на русский строчной алфавит
DEBUG    [2020-10-26 18:29:04,308] Прошла проверка на русский строчной алфавит
DEBUG    [2020-10-26 18:29:04,308] Прошла проверка на русский строчной алфавит
DEBUG    [2020-10-26 18:29:04,308] Прошла проверка на русский строчной алфавит
DEBUG    [2020-10-26 18:29:04,308] Прошла проверка на русский строчной алфавит
DEBUG    [2020-10-26 18:29:04,308] Прошла проверка на русский строчной алфавит
DEBUG    [2020-10-26 18:29:04,308] Прошла проверка на русский строчной алфавит
DEBUG    [2020-10-26 18:29:04,308] Прошла проверка на русский строчной алфавит
DEBUG    [2020-10-26 18:29:04,308] Прошла проверка на русский строчной алфавит
DEBUG    [2020-10-26 18:29:04,309] Прошла проверка на русский строчной алфавит
DEBUG    [2020-10-26 18:29:04,309] Прошла проверка на русский строчной алфавит
DEBUG    [2020-10-26 18:29:04,309] Прошла проверка на русский строчной алфавит
DEBUG    [2020-10-26 18:29:04,309] Прошла проверка на русский строчной алфавит
DEBUG    [2020-10-26 18:29:04,309] Прошла проверка на русский строчной алфавит
DEBUG    [2020-10-26 18:29:04,309] Прошла проверка на русский строчной алфавит
DEBUG    [2020-10-26 18:29:04,309] Прошла проверка на русский строчной алфавит
DEBUG    [2020-10-26 18:29:04,309] Прошла проверка на русский строчной алфавит
DEBUG    [2020-10-26 18:29:04,309] Прошла проверка на русский строчной алфавит
DEBUG    [2020-10-26 18:29:04,310] Прошла проверка на русский строчной алфавит
DEBUG    [2020-10-26 18:29:04,310] Прошла проверка на русский строчной алфавит
DEBUG    [2020-10-26 18:29:04,310] Прошла проверка на русский строчной алфавит
DEBUG    [2020-10-26 18:29:04,310] Прошла проверка на русский строчной алфавит
DEBUG    [2020-10-26 18:29:04,310] Прошла проверка на русский строчной алфавит
DEBUG    [2020-10-26 18:29:04,310] Прошла проверка на русский строчной алфавит
DEBUG    [2020-10-26 18:29:04,310] Прошла проверка на русский строчной алфавит
DEBUG    [2020-10-26 18:29:04,310] Прошла проверка на русский строчной алфавит
DEBUG    [2020-10-26 18:29:04,310] Прошла проверка на русский строчной алфавит
DEBUG    [2020-10-26 18:29:04,310] Прошла проверка на русский строчной алфавит
DEBUG    [2020-10-26 18:29:04,310] Прошла проверка на русский строчной алфавит
DEBUG    [2020-10-26 18:29:04,311] Прошла проверка на русский строчной алфавит
DEBUG    [2020-10-26 18:29:04,311] Прошла проверка на русский строчной алфавит
DEBUG    [2020-10-26 18:29:04,311] Прошла проверка на русский строчной алфавит
DEBUG    [2020-10-26 18:29:04,311] Прошла проверка на русский строчной алфавит
DEBUG    [2020-10-26 18:29:04,311] Прошла проверка на русский строчной алфавит
DEBUG    [2020-10-26 18:29:04,311] Прошла проверка на русский строчной алфавит
DEBUG    [2020-10-26 18:29:04,311] Прошла проверка на русский строчной алфавит
DEBUG    [2020-10-26 18:29:04,311] Прошла проверка на русский строчной алфавит
DEBUG    [2020-10-26 18:29:04,311] Прошла проверка на русский строчной алфавит
DEBUG    [2020-10-26 18:29:04,311] Прошла проверка на русский строчной алфавит
DEBUG    [2020-10-26 18:29:04,311] Прошла проверка на русский строчной алфавит
DEBUG    [2020-10-26 18:29:04,311] Прошла проверка на русский строчной алфавит
DEBUG    [2020-10-26 18:29:04,312] Прошла проверка на русский строчной алфавит
DEBUG    [2020-10-26 18:29:04,312] Прошла проверка на русский строчной алфавит
DEBUG    [2020-10-26 18:29:04,312] Прошла проверка на русский строчной алфавит
DEBUG    [2020-10-26 18:29:04,312] Прошла проверка на русский строчной алфавит
DEBUG    [2020-10-26 18:29:04,312] Прошла проверка на русский строчной алфавит
DEBUG    [2020-10-26 18:29:04,312] Прошла проверка на русский строчной алфавит
DEBUG    [2020-10-26 18:29:04,312] Прошла проверка на русский строчной алфавит
DEBUG    [2020-10-26 18:29:04,312] Прошла проверка на русский строчной алфавит
DEBUG    [2020-10-26 18:29:04,312] Прошла проверка на русский строчной алфавит
INFO     [2020-10-26 18:29:04,312] Создан и заполнен массив числами символа+шаг
INFO     [2020-10-26 18:29:04,313] Создана и заполнена строка с закодированным текстом
INFO     [2020-10-26 18:29:04,313] Создан массив и заполнен числами символов строки
DEBUG    [2020-10-26 18:29:04,313] Прошла проверка на русский заглавный алфавит
DEBUG    [2020-10-26 18:29:04,313] Прошла проверка на русский строчной алфавит
DEBUG    [2020-10-26 18:29:04,313] Прошла проверка на русский строчной алфавит
DEBUG    [2020-10-26 18:29:04,313] Прошла проверка на русский строчной алфавит
DEBUG    [2020-10-26 18:29:04,313] Прошла проверка на русский строчной алфавит
DEBUG    [2020-10-26 18:29:04,313] Прошла проверка на русский строчной алфавит
DEBUG    [2020-10-26 18:29:04,313] Прошла проверка на русский строчной алфавит
DEBUG    [2020-10-26 18:29:04,313] Прошла проверка на русский строчной алфавит
DEBUG    [2020-10-26 18:29:04,313] Прошла проверка на русский строчной алфавит
DEBUG    [2020-10-26 18:29:04,314] Прошла проверка на русский заглавный алфавит
DEBUG    [2020-10-26 18:29:04,314] Прошла проверка на русский строчной алфавит
DEBUG    [2020-10-26 18:29:04,314] Прошла проверка на русский строчной алфавит
DEBUG    [2020-10-26 18:29:04,314] Прошла проверка на русский строчной алфавит
DEBUG    [2020-10-26 18:29:04,314] Прошла проверка на русский заглавный алфавит
DEBUG    [2020-10-26 18:29:04,314] Прошла проверка на русский строчной алфавит
DEBUG    [2020-10-26 18:29:04,314] Прошла проверка на русский строчной алфавит
DEBUG    [2020-10-26 18:29:04,314] Прошла проверка на русский строчной алфавит
DEBUG    [2020-10-26 18:29:04,314] Прошла проверка на русский строчной алфавит
DEBUG    [2020-10-26 18:29:04,314] Прошла проверка на русский строчной алфавит
DEBUG    [2020-10-26 18:29:04,314] Прошла проверка на русский строчной алфавит
DEBUG    [2020-10-26 18:29:04,315] Прошла проверка на русский строчной алфавит
DEBUG    [2020-10-26 18:29:04,315] Прошла проверка на русский строчной алфавит
DEBUG    [2020-10-26 18:29:04,315] Прошла проверка на русский строчной алфавит
DEBUG    [2020-10-26 18:29:04,315] Прошла проверка на русский строчной алфавит
DEBUG    [2020-10-26 18:29:04,315] Прошла проверка на русский строчной алфавит
DEBUG    [2020-10-26 18:29:04,315] Прошла проверка на русский строчной алфавит
DEBUG    [2020-10-26 18:29:04,315] Прошла проверка на русский строчной алфавит
DEBUG    [2020-10-26 18:29:04,315] Прошла проверка на русский строчной алфавит
DEBUG    [2020-10-26 18:29:04,315] Прошла проверка на русский строчной алфавит
DEBUG    [2020-10-26 18:29:04,315] Прошла проверка на русский строчной алфавит
DEBUG    [2020-10-26 18:29:04,315] Прошла проверка на русский строчной алфавит
DEBUG    [2020-10-26 18:29:04,316] Прошла проверка на русский строчной алфавит
DEBUG    [2020-10-26 18:29:04,316] Прошла проверка на русский строчной алфавит
DEBUG    [2020-10-26 18:29:04,316] Прошла проверка на русский строчной алфавит
DEBUG    [2020-10-26 18:29:04,316] Прошла проверка на русский строчной алфавит
DEBUG    [2020-10-26 18:29:04,316] Прошла проверка на русский строчной алфавит
DEBUG    [2020-10-26 18:29:04,316] Прошла проверка на русский строчной алфавит
DEBUG    [2020-10-26 18:29:04,316] Прошла проверка на русский строчной алфавит
DEBUG    [2020-10-26 18:29:04,316] Прошла проверка на русский строчной алфавит
DEBUG    [2020-10-26 18:29:04,316] Прошла проверка на русский строчной алфавит
DEBUG    [2020-10-26 18:29:04,316] Прошла проверка на русский строчной алфавит
DEBUG    [2020-10-26 18:29:04,317] Прошла проверка на русский строчной алфавит
DEBUG    [2020-10-26 18:29:04,317] Прошла проверка на русский строчной алфавит
DEBUG    [2020-10-26 18:29:04,317] Прошла проверка на русский строчной алфавит
DEBUG    [2020-10-26 18:29:04,317] Прошла проверка на русский строчной алфавит
DEBUG    [2020-10-26 18:29:04,317] Прошла проверка на русский строчной алфавит
DEBUG    [2020-10-26 18:29:04,317] Прошла проверка на русский строчной алфавит
DEBUG    [2020-10-26 18:29:04,317] Прошла проверка на русский строчной алфавит
DEBUG    [2020-10-26 18:29:04,317] Прошла проверка на русский строчной алфавит
DEBUG    [2020-10-26 18:29:04,317] Прошла проверка на русский строчной алфавит
DEBUG    [2020-10-26 18:29:04,317] Прошла проверка на русский строчной алфавит
DEBUG    [2020-10-26 18:29:04,317] Прошла проверка на русский строчной алфавит
DEBUG    [2020-10-26 18:29:04,317] Прошла проверка на русский строчной алфавит
DEBUG    [2020-10-26 18:29:04,317] Прошла проверка на русский строчной алфавит
DEBUG    [2020-10-26 18:29:04,318] Прошла проверка на русский строчной алфавит
INFO     [2020-10-26 18:29:04,318] Создан и заполнен массив числами символа+шаг
INFO     [2020-10-26 18:29:04,318] Создана и заполнена строка с закодированным текстом
INFO     [2020-10-26 18:29:04,318] Программа выполнена успешно
ERROR    [2020-10-26 18:29:07,741] Введенный шаг не является числом
INFO     [2020-10-26 18:29:08,479] Создан массив и заполнен числами символов строки
DEBUG    [2020-10-26 18:29:08,479] Прошла проверка на русский заглавный алфавит
DEBUG    [2020-10-26 18:29:08,479] Прошла проверка на русский строчной алфавит
DEBUG    [2020-10-26 18:29:08,479] Прошла проверка на русский строчной алфавит
DEBUG    [2020-10-26 18:29:08,480] Прошла проверка на русский строчной алфавит
DEBUG    [2020-10-26 18:29:08,480] Прошла проверка на русский строчной алфавит
DEBUG    [2020-10-26 18:29:08,480] Прошла проверка на русский строчной алфавит
DEBUG    [2020-10-26 18:29:08,480] Прошла проверка на русский строчной алфавит
DEBUG    [2020-10-26 18:29:08,480] Прошла проверка на русский строчной алфавит
DEBUG    [2020-10-26 18:29:08,481] Прошла проверка на русский строчной алфавит
DEBUG    [2020-10-26 18:29:08,481] Прошла проверка на русский строчной алфавит
INFO     [2020-10-26 18:29:08,481] Создан и заполнен массив числами символа+шаг
INFO     [2020-10-26 18:29:08,481] Создана и заполнена строка с закодированным текстом
INFO     [2020-10-26 18:29:08,481] Создан массив и заполнен числами символов строки
DEBUG    [2020-10-26 18:29:08,482] Прошла проверка на русский заглавный алфавит
DEBUG    [2020-10-26 18:29:08,482] Прошла проверка на русский заглавный алфавит
DEBUG    [2020-10-26 18:29:08,482] Прошла проверка на русский заглавный алфавит
DEBUG    [2020-10-26 18:29:08,482] Прошла проверка на русский заглавный алфавит
DEBUG    [2020-10-26 18:29:08,483] Прошла проверка на русский заглавный алфавит
DEBUG    [2020-10-26 18:29:08,483] Прошла проверка на русский заглавный алфавит
DEBUG    [2020-10-26 18:29:08,483] Прошла проверка на русский заглавный алфавит
DEBUG    [2020-10-26 18:29:08,483] Прошла проверка на русский заглавный алфавит
INFO     [2020-10-26 18:29:08,483] Создан и заполнен массив числами символа+шаг
INFO     [2020-10-26 18:29:08,483] Создана и заполнена строка с закодированным текстом
INFO     [2020-10-26 18:29:08,483] Создан массив и заполнен числами символов строки
DEBUG    [2020-10-26 18:29:08,483] Прошла проверка на русский заглавный алфавит
DEBUG    [2020-10-26 18:29:08,483] Прошла проверка на русский строчной алфавит
DEBUG    [2020-10-26 18:29:08,483] Прошла проверка на русский строчной алфавит
DEBUG    [2020-10-26 18:29:08,483] Прошла проверка на русский строчной алфавит
DEBUG    [2020-10-26 18:29:08,484] Прошла проверка на русский строчной алфавит
DEBUG    [2020-10-26 18:29:08,484] Прошла проверка на русский строчной алфавит
DEBUG    [2020-10-26 18:29:08,484] Прошла проверка на русский строчной алфавит
DEBUG    [2020-10-26 18:29:08,484] Прошла проверка на русский строчной алфавит
DEBUG    [2020-10-26 18:29:08,484] Прошла проверка на русский строчной алфавит
DEBUG    [2020-10-26 18:29:08,484] Прошла проверка на русский строчной алфавит
DEBUG    [2020-10-26 18:29:08,484] Прошла проверка на русский строчной алфавит
DEBUG    [2020-10-26 18:29:08,484] Прошла проверка на русский строчной алфавит
DEBUG    [2020-10-26 18:29:08,485] Прошла проверка на русский строчной алфавит
DEBUG    [2020-10-26 18:29:08,485] Прошла проверка на русский строчной алфавит
DEBUG    [2020-10-26 18:29:08,485] Прошла проверка на русский строчной алфавит
DEBUG    [2020-10-26 18:29:08,485] Прошла проверка на русский строчной алфавит
DEBUG    [2020-10-26 18:29:08,485] Прошла проверка на русский строчной алфавит
DEBUG    [2020-10-26 18:29:08,485] Прошла проверка на русский строчной алфавит
DEBUG    [2020-10-26 18:29:08,485] Прошла проверка на русский строчной алфавит
DEBUG    [2020-10-26 18:29:08,486] Прошла проверка на русский строчной алфавит
DEBUG    [2020-10-26 18:29:08,486] Прошла проверка на русский строчной алфавит
DEBUG    [2020-10-26 18:29:08,486] Прошла проверка на русский строчной алфавит
DEBUG    [2020-10-26 18:29:08,486] Прошла проверка на русский строчной алфавит
DEBUG    [2020-10-26 18:29:08,486] Прошла проверка на русский строчной алфавит
DEBUG    [2020-10-26 18:29:08,486] Прошла проверка на русский строчной алфавит
DEBUG    [2020-10-26 18:29:08,486] Прошла проверка на русский строчной алфавит
DEBUG    [2020-10-26 18:29:08,486] Прошла проверка на русский строчной алфавит
DEBUG    [2020-10-26 18:29:08,487] Прошла проверка на русский строчной алфавит
DEBUG    [2020-10-26 18:29:08,487] Прошла проверка на русский строчной алфавит
DEBUG    [2020-10-26 18:29:08,487] Прошла проверка на русский строчной алфавит
DEBUG    [2020-10-26 18:29:08,487] Прошла проверка на русский строчной алфавит
DEBUG    [2020-10-26 18:29:08,487] Прошла проверка на русский строчной алфавит
DEBUG    [2020-10-26 18:29:08,487] Прошла проверка на русский строчной алфавит
DEBUG    [2020-10-26 18:29:08,487] Прошла проверка на русский строчной алфавит
DEBUG    [2020-10-26 18:29:08,488] Прошла проверка на русский строчной алфавит
DEBUG    [2020-10-26 18:29:08,488] Прошла проверка на русский строчной алфавит
DEBUG    [2020-10-26 18:29:08,488] Прошла проверка на русский строчной алфавит
DEBUG    [2020-10-26 18:29:08,488] Прошла проверка на русский строчной алфавит
DEBUG    [2020-10-26 18:29:08,488] Прошла проверка на русский строчной алфавит
DEBUG    [2020-10-26 18:29:08,488] Прошла проверка на русский строчной алфавит
DEBUG    [2020-10-26 18:29:08,488] Прошла проверка на русский строчной алфавит
DEBUG    [2020-10-26 18:29:08,488] Прошла проверка на русский строчной алфавит
DEBUG    [2020-10-26 18:29:08,489] Прошла проверка на русский строчной алфавит
DEBUG    [2020-10-26 18:29:08,489] Прошла проверка на русский строчной алфавит
DEBUG    [2020-10-26 18:29:08,489] Прошла проверка на русский строчной алфавит
DEBUG    [2020-10-26 18:29:08,489] Прошла проверка на русский строчной алфавит
DEBUG    [2020-10-26 18:29:08,489] Прошла проверка на русский строчной алфавит
DEBUG    [2020-10-26 18:29:08,489] Прошла проверка на русский строчной алфавит
DEBUG    [2020-10-26 18:29:08,489] Прошла проверка на русский строчной алфавит
DEBUG    [2020-10-26 18:29:08,489] Прошла проверка на русский строчной алфавит
DEBUG    [2020-10-26 18:29:08,489] Прошла проверка на русский строчной алфавит
DEBUG    [2020-10-26 18:29:08,490] Прошла проверка на русский строчной алфавит
DEBUG    [2020-10-26 18:29:08,490] Прошла проверка на русский строчной алфавит
DEBUG    [2020-10-26 18:29:08,490] Прошла проверка на русский строчной алфавит
DEBUG    [2020-10-26 18:29:08,490] Прошла проверка на русский строчной алфавит
DEBUG    [2020-10-26 18:29:08,490] Прошла проверка на русский строчной алфавит
DEBUG    [2020-10-26 18:29:08,490] Прошла проверка на русский строчной алфавит
DEBUG    [2020-10-26 18:29:08,490] Прошла проверка на русский строчной алфавит
DEBUG    [2020-10-26 18:29:08,490] Прошла проверка на русский строчной алфавит
DEBUG    [2020-10-26 18:29:08,490] Прошла проверка на русский строчной алфавит
DEBUG    [2020-10-26 18:29:08,490] Прошла проверка на русский строчной алфавит
DEBUG    [2020-10-26 18:29:08,490] Прошла проверка на русский строчной алфавит
DEBUG    [2020-10-26 18:29:08,490] Прошла проверка на русский строчной алфавит
DEBUG    [2020-10-26 18:29:08,491] Прошла проверка на русский строчной алфавит
INFO     [2020-10-26 18:29:08,491] Создан и заполнен массив числами символа+шаг
INFO     [2020-10-26 18:29:08,491] Создана и заполнена строка с закодированным текстом
INFO     [2020-10-26 18:29:08,491] Создан массив и заполнен числами символов строки
DEBUG    [2020-10-26 18:29:08,491] Прошла проверка на русский заглавный алфавит
DEBUG    [2020-10-26 18:29:08,491] Прошла проверка на русский строчной алфавит
DEBUG    [2020-10-26 18:29:08,491] Прошла проверка на русский строчной алфавит
DEBUG    [2020-10-26 18:29:08,491] Прошла проверка на русский строчной алфавит
DEBUG    [2020-10-26 18:29:08,491] Прошла проверка на русский строчной алфавит
DEBUG    [2020-10-26 18:29:08,491] Прошла проверка на русский строчной алфавит
DEBUG    [2020-10-26 18:29:08,491] Прошла проверка на русский строчной алфавит
DEBUG    [2020-10-26 18:29:08,492] Прошла проверка на русский строчной алфавит
DEBUG    [2020-10-26 18:29:08,492] Прошла проверка на русский строчной алфавит
DEBUG    [2020-10-26 18:29:08,492] Прошла проверка на русский заглавный алфавит
DEBUG    [2020-10-26 18:29:08,492] Прошла проверка на русский строчной алфавит
DEBUG    [2020-10-26 18:29:08,492] Прошла проверка на русский строчной алфавит
DEBUG    [2020-10-26 18:29:08,492] Прошла проверка на русский строчной алфавит
DEBUG    [2020-10-26 18:29:08,492] Прошла проверка на русский заглавный алфавит
DEBUG    [2020-10-26 18:29:08,492] Прошла проверка на русский строчной алфавит
DEBUG    [2020-10-26 18:29:08,492] Прошла проверка на русский строчной алфавит
DEBUG    [2020-10-26 18:29:08,492] Прошла проверка на русский строчной алфавит
DEBUG    [2020-10-26 18:29:08,492] Прошла проверка на русский строчной алфавит
DEBUG    [2020-10-26 18:29:08,492] Прошла проверка на русский строчной алфавит
DEBUG    [2020-10-26 18:29:08,492] Прошла проверка на русский строчной алфавит
DEBUG    [2020-10-26 18:29:08,492] Прошла проверка на русский строчной алфавит
DEBUG    [2020-10-26 18:29:08,493] Прошла проверка на русский строчной алфавит
DEBUG    [2020-10-26 18:29:08,493] Прошла проверка на русский строчной алфавит
DEBUG    [2020-10-26 18:29:08,493] Прошла проверка на русский строчной алфавит
DEBUG    [2020-10-26 18:29:08,493] Прошла проверка на русский строчной алфавит
DEBUG    [2020-10-26 18:29:08,493] Прошла проверка на русский строчной алфавит
DEBUG    [2020-10-26 18:29:08,493] Прошла проверка на русский строчной алфавит
DEBUG    [2020-10-26 18:29:08,493] Прошла проверка на русский строчной алфавит
DEBUG    [2020-10-26 18:29:08,493] Прошла проверка на русский строчной алфавит
DEBUG    [2020-10-26 18:29:08,493] Прошла проверка на русский строчной алфавит
DEBUG    [2020-10-26 18:29:08,493] Прошла проверка на русский строчной алфавит
DEBUG    [2020-10-26 18:29:08,493] Прошла проверка на русский строчной алфавит
DEBUG    [2020-10-26 18:29:08,493] Прошла проверка на русский строчной алфавит
DEBUG    [2020-10-26 18:29:08,493] Прошла проверка на русский строчной алфавит
DEBUG    [2020-10-26 18:29:08,494] Прошла проверка на русский строчной алфавит
DEBUG    [2020-10-26 18:29:08,494] Прошла проверка на русский строчной алфавит
DEBUG    [2020-10-26 18:29:08,494] Прошла проверка на русский строчной алфавит
DEBUG    [2020-10-26 18:29:08,494] Прошла проверка на русский строчной алфавит
DEBUG    [2020-10-26 18:29:08,494] Прошла проверка на русский строчной алфавит
DEBUG    [2020-10-26 18:29:08,494] Прошла проверка на русский строчной алфавит
DEBUG    [2020-10-26 18:29:08,494] Прошла проверка на русский строчной алфавит
DEBUG    [2020-10-26 18:29:08,494] Прошла проверка на русский строчной алфавит
DEBUG    [2020-10-26 18:29:08,494] Прошла проверка на русский строчной алфавит
DEBUG    [2020-10-26 18:29:08,494] Прошла проверка на русский строчной алфавит
DEBUG    [2020-10-26 18:29:08,494] Прошла проверка на русский строчной алфавит
DEBUG    [2020-10-26 18:29:08,494] Прошла проверка на русский строчной алфавит
DEBUG    [2020-10-26 18:29:08,494] Прошла проверка на русский строчной алфавит
DEBUG    [2020-10-26 18:29:08,494] Прошла проверка на русский строчной алфавит
DEBUG    [2020-10-26 18:29:08,495] Прошла проверка на русский строчной алфавит
DEBUG    [2020-10-26 18:29:08,495] Прошла проверка на русский строчной алфавит
DEBUG    [2020-10-26 18:29:08,495] Прошла проверка на русский строчной алфавит
DEBUG    [2020-10-26 18:29:08,495] Прошла проверка на русский строчной алфавит
DEBUG    [2020-10-26 18:29:08,495] Прошла проверка на русский строчной алфавит
DEBUG    [2020-10-26 18:29:08,495] Прошла проверка на русский строчной алфавит
DEBUG    [2020-10-26 18:29:08,495] Прошла проверка на русский строчной алфавит
INFO     [2020-10-26 18:29:08,495] Создан и заполнен массив числами символа+шаг
INFO     [2020-10-26 18:29:08,495] Создана и заполнена строка с закодированным текстом
INFO     [2020-10-26 18:29:08,495] Программа выполнена успешно
